[04/Nov/2015 14:56:38] ERROR	- forum.views:27	: Pas de profile
[04/Nov/2015 15:16:19] INFO	- forum.forum:38	: Vos devoirs pour chaque post
[04/Nov/2015 15:16:19] DEBUG	- forum.forum:39	: 2015-10-29 09:49:10.779203+00:00
[04/Nov/2015 15:16:19] ERROR	- forum.forum:40	: 2015-11-04 14:16:10.482186+00:00
[04/Nov/2015 15:16:19] INFO	- forum.forum:41	: -534419.702983
[04/Nov/2015 15:16:19] INFO	- forum.forum:38	: Vos devoirs pour chaque post
[04/Nov/2015 15:16:19] DEBUG	- forum.forum:39	: 2015-10-29 09:49:10.891203+00:00
[04/Nov/2015 15:16:19] ERROR	- forum.forum:40	: 2015-11-04 14:16:10.482186+00:00
[04/Nov/2015 15:16:19] INFO	- forum.forum:41	: -534419.590983
[04/Nov/2015 15:16:19] INFO	- forum.forum:38	: Vos devoirs pour chaque post
[04/Nov/2015 15:16:19] DEBUG	- forum.forum:39	: 2015-10-29 09:49:11.025203+00:00
[04/Nov/2015 15:16:19] ERROR	- forum.forum:40	: 2015-11-04 14:16:10.482186+00:00
[04/Nov/2015 15:16:19] INFO	- forum.forum:41	: -534419.456983
[04/Nov/2015 15:16:19] INFO	- forum.forum:38	: Vos devoirs pour chaque post
[04/Nov/2015 15:16:19] DEBUG	- forum.forum:39	: 2015-10-29 09:49:11.166203+00:00
[04/Nov/2015 15:16:19] ERROR	- forum.forum:40	: 2015-11-04 14:16:10.482186+00:00
[04/Nov/2015 15:16:19] INFO	- forum.forum:41	: -534419.315983
[04/Nov/2015 15:16:19] INFO	- forum.forum:38	: Seul sur Mars (Ridley Scott)
[04/Nov/2015 15:16:19] DEBUG	- forum.forum:39	: 2015-11-04 10:05:30.683220+00:00
[04/Nov/2015 15:16:19] ERROR	- forum.forum:40	: 2015-11-04 14:16:10.482186+00:00
[04/Nov/2015 15:16:19] INFO	- forum.forum:41	: -15039.798966
[04/Nov/2015 15:16:19] INFO	- forum.forum:38	: Seul sur Mars (Ridley Scott)
[04/Nov/2015 15:16:19] DEBUG	- forum.forum:39	: 2015-11-04 13:26:43.285193+00:00
[04/Nov/2015 15:16:19] ERROR	- forum.forum:40	: 2015-11-04 14:16:10.482186+00:00
[04/Nov/2015 15:16:19] INFO	- forum.forum:41	: -2967.196993
[04/Nov/2015 15:21:06] INFO	- forum.connection:89	: Profile(pseudo=Toto, firstname=PrénomToto, lastname=NomToto, birthdate=2015-10-06, image=forum/profiles/Toto.gif, previous_login=2015-11-04 14:21:06.603186+00:00)
[04/Nov/2015 15:21:29] INFO	- forum.forum:39	: Vos devoirs pour chaque post
[04/Nov/2015 15:21:29] DEBUG	- forum.forum:40	: 2015-10-29 09:49:10.779203+00:00
[04/Nov/2015 15:21:29] ERROR	- forum.forum:41	: 2015-11-04 14:21:06.603186+00:00
[04/Nov/2015 15:21:29] INFO	- forum.forum:42	: -534715.823983
[04/Nov/2015 15:21:29] INFO	- forum.forum:39	: Vos devoirs pour chaque post
[04/Nov/2015 15:21:29] DEBUG	- forum.forum:40	: 2015-10-29 09:49:10.891203+00:00
[04/Nov/2015 15:21:29] ERROR	- forum.forum:41	: 2015-11-04 14:21:06.603186+00:00
[04/Nov/2015 15:21:29] INFO	- forum.forum:42	: -534715.711983
[04/Nov/2015 15:21:29] INFO	- forum.forum:39	: Vos devoirs pour chaque post
[04/Nov/2015 15:21:29] DEBUG	- forum.forum:40	: 2015-10-29 09:49:11.025203+00:00
[04/Nov/2015 15:21:29] ERROR	- forum.forum:41	: 2015-11-04 14:21:06.603186+00:00
[04/Nov/2015 15:21:29] INFO	- forum.forum:42	: -534715.577983
[04/Nov/2015 15:21:29] INFO	- forum.forum:39	: Vos devoirs pour chaque post
[04/Nov/2015 15:21:29] DEBUG	- forum.forum:40	: 2015-10-29 09:49:11.166203+00:00
[04/Nov/2015 15:21:29] ERROR	- forum.forum:41	: 2015-11-04 14:21:06.603186+00:00
[04/Nov/2015 15:21:29] INFO	- forum.forum:42	: -534715.436983
[04/Nov/2015 15:21:29] INFO	- forum.forum:39	: Seul sur Mars (Ridley Scott)
[04/Nov/2015 15:21:29] DEBUG	- forum.forum:40	: 2015-11-04 10:05:30.683220+00:00
[04/Nov/2015 15:21:29] ERROR	- forum.forum:41	: 2015-11-04 14:21:06.603186+00:00
[04/Nov/2015 15:21:29] INFO	- forum.forum:42	: -15335.919966
[04/Nov/2015 15:21:29] INFO	- forum.forum:39	: Seul sur Mars (Ridley Scott)
[04/Nov/2015 15:21:29] DEBUG	- forum.forum:40	: 2015-11-04 13:26:43.285193+00:00
[04/Nov/2015 15:21:29] ERROR	- forum.forum:41	: 2015-11-04 14:21:06.603186+00:00
[04/Nov/2015 15:21:29] INFO	- forum.forum:42	: -3263.317993
[04/Nov/2015 15:54:04] INFO	- forum.connection:89	: Profile(pseudo=Toto, firstname=PrénomToto, lastname=NomToto, birthdate=2015-10-06, image=forum/profiles/Toto.gif, previous_login=2015-11-04 14:54:04.778186+00:00)
[04/Nov/2015 15:54:05] INFO	- forum.forum:39	: Vos devoirs pour chaque post
[04/Nov/2015 15:54:05] DEBUG	- forum.forum:40	: 2015-10-29 09:49:10.779203+00:00
[04/Nov/2015 15:54:05] ERROR	- forum.forum:41	: 2015-11-04 14:54:04.778186+00:00
[04/Nov/2015 15:54:05] INFO	- forum.forum:42	: -536693.998983
[04/Nov/2015 15:54:05] INFO	- forum.forum:39	: Vos devoirs pour chaque post
[04/Nov/2015 15:54:05] DEBUG	- forum.forum:40	: 2015-10-29 09:49:10.891203+00:00
[04/Nov/2015 15:54:05] ERROR	- forum.forum:41	: 2015-11-04 14:54:04.778186+00:00
[04/Nov/2015 15:54:05] INFO	- forum.forum:42	: -536693.886983
[04/Nov/2015 15:54:05] INFO	- forum.forum:39	: Vos devoirs pour chaque post
[04/Nov/2015 15:54:05] DEBUG	- forum.forum:40	: 2015-10-29 09:49:11.025203+00:00
[04/Nov/2015 15:54:05] ERROR	- forum.forum:41	: 2015-11-04 14:54:04.778186+00:00
[04/Nov/2015 15:54:05] INFO	- forum.forum:42	: -536693.752983
[04/Nov/2015 15:54:05] INFO	- forum.forum:39	: Vos devoirs pour chaque post
[04/Nov/2015 15:54:05] DEBUG	- forum.forum:40	: 2015-10-29 09:49:11.166203+00:00
[04/Nov/2015 15:54:05] ERROR	- forum.forum:41	: 2015-11-04 14:54:04.778186+00:00
[04/Nov/2015 15:54:05] INFO	- forum.forum:42	: -536693.611983
[04/Nov/2015 15:54:05] INFO	- forum.forum:39	: Seul sur Mars (Ridley Scott)
[04/Nov/2015 15:54:05] DEBUG	- forum.forum:40	: 2015-11-04 10:05:30.683220+00:00
[04/Nov/2015 15:54:05] ERROR	- forum.forum:41	: 2015-11-04 14:54:04.778186+00:00
[04/Nov/2015 15:54:05] INFO	- forum.forum:42	: -17314.094966
[04/Nov/2015 15:54:05] INFO	- forum.forum:39	: Seul sur Mars (Ridley Scott)
[04/Nov/2015 15:54:05] DEBUG	- forum.forum:40	: 2015-11-04 13:26:43.285193+00:00
[04/Nov/2015 15:54:05] ERROR	- forum.forum:41	: 2015-11-04 14:54:04.778186+00:00
[04/Nov/2015 15:54:05] INFO	- forum.forum:42	: -5241.492993
[04/Nov/2015 15:55:35] INFO	- forum.connection:89	: Profile(pseudo=Titi, firstname=PrénomTiti, lastname=NomTiti, birthdate=2015-10-03, image=forum/profiles/Titi.png, previous_login=2015-11-04 14:55:34.977186+00:00)
[04/Nov/2015 15:55:35] INFO	- forum.forum:39	: Vos devoirs pour chaque post
[04/Nov/2015 15:55:35] DEBUG	- forum.forum:40	: 2015-10-29 09:49:10.779203+00:00
[04/Nov/2015 15:55:35] ERROR	- forum.forum:41	: 2015-11-04 14:55:34.977186+00:00
[04/Nov/2015 15:55:35] INFO	- forum.forum:42	: -536784.197983
[04/Nov/2015 15:55:35] INFO	- forum.forum:39	: Vos devoirs pour chaque post
[04/Nov/2015 15:55:35] DEBUG	- forum.forum:40	: 2015-10-29 09:49:10.891203+00:00
[04/Nov/2015 15:55:35] ERROR	- forum.forum:41	: 2015-11-04 14:55:34.977186+00:00
[04/Nov/2015 15:55:35] INFO	- forum.forum:42	: -536784.085983
[04/Nov/2015 15:55:35] INFO	- forum.forum:39	: Vos devoirs pour chaque post
[04/Nov/2015 15:55:35] DEBUG	- forum.forum:40	: 2015-10-29 09:49:11.025203+00:00
[04/Nov/2015 15:55:35] ERROR	- forum.forum:41	: 2015-11-04 14:55:34.977186+00:00
[04/Nov/2015 15:55:35] INFO	- forum.forum:42	: -536783.951983
[04/Nov/2015 15:55:35] INFO	- forum.forum:39	: Vos devoirs pour chaque post
[04/Nov/2015 15:55:35] DEBUG	- forum.forum:40	: 2015-10-29 09:49:11.166203+00:00
[04/Nov/2015 15:55:35] ERROR	- forum.forum:41	: 2015-11-04 14:55:34.977186+00:00
[04/Nov/2015 15:55:35] INFO	- forum.forum:42	: -536783.810983
[04/Nov/2015 15:55:35] INFO	- forum.forum:39	: Seul sur Mars (Ridley Scott)
[04/Nov/2015 15:55:35] DEBUG	- forum.forum:40	: 2015-11-04 10:05:30.683220+00:00
[04/Nov/2015 15:55:35] ERROR	- forum.forum:41	: 2015-11-04 14:55:34.977186+00:00
[04/Nov/2015 15:55:35] INFO	- forum.forum:42	: -17404.293966
[04/Nov/2015 15:55:35] INFO	- forum.forum:39	: Seul sur Mars (Ridley Scott)
[04/Nov/2015 15:55:35] DEBUG	- forum.forum:40	: 2015-11-04 13:26:43.285193+00:00
[04/Nov/2015 15:55:35] ERROR	- forum.forum:41	: 2015-11-04 14:55:34.977186+00:00
[04/Nov/2015 15:55:35] INFO	- forum.forum:42	: -5331.691993
[04/Nov/2015 15:55:35] INFO	- forum.forum:39	: Seul sur Mars (Ridley Scott)
[04/Nov/2015 15:55:35] DEBUG	- forum.forum:40	: 2015-11-04 14:55:22.007186+00:00
[04/Nov/2015 15:55:35] ERROR	- forum.forum:41	: 2015-11-04 14:55:34.977186+00:00
[04/Nov/2015 15:55:35] INFO	- forum.forum:42	: -12.97
[04/Nov/2015 15:58:11] INFO	- forum.forum:39	: Vos devoirs pour chaque post
[04/Nov/2015 15:58:11] DEBUG	- forum.forum:40	: 2015-10-29 09:49:10.779203+00:00
[04/Nov/2015 15:58:11] ERROR	- forum.forum:41	: 2015-11-04 14:55:34.977186+00:00
[04/Nov/2015 15:58:11] INFO	- forum.forum:42	: 536784.197983
[04/Nov/2015 15:58:11] INFO	- forum.forum:39	: Seul sur Mars (Ridley Scott)
[04/Nov/2015 15:58:11] DEBUG	- forum.forum:40	: 2015-11-04 10:05:30.683220+00:00
[04/Nov/2015 15:58:11] ERROR	- forum.forum:41	: 2015-11-04 14:55:34.977186+00:00
[04/Nov/2015 15:58:11] INFO	- forum.forum:42	: 17404.293966
[04/Nov/2015 15:59:22] INFO	- forum.forum:39	: Vos devoirs pour chaque post
[04/Nov/2015 15:59:22] DEBUG	- forum.forum:40	: 2015-10-29 09:49:10.779203+00:00
[04/Nov/2015 15:59:22] ERROR	- forum.forum:41	: 2015-11-04 14:55:34.977186+00:00
[04/Nov/2015 15:59:22] INFO	- forum.forum:42	: -536784.197983
[04/Nov/2015 15:59:22] INFO	- forum.forum:39	: Vos devoirs pour chaque post
[04/Nov/2015 15:59:22] DEBUG	- forum.forum:40	: 2015-10-29 09:49:10.891203+00:00
[04/Nov/2015 15:59:22] ERROR	- forum.forum:41	: 2015-11-04 14:55:34.977186+00:00
[04/Nov/2015 15:59:22] INFO	- forum.forum:42	: -536784.085983
[04/Nov/2015 15:59:22] INFO	- forum.forum:39	: Vos devoirs pour chaque post
[04/Nov/2015 15:59:22] DEBUG	- forum.forum:40	: 2015-10-29 09:49:11.025203+00:00
[04/Nov/2015 15:59:22] ERROR	- forum.forum:41	: 2015-11-04 14:55:34.977186+00:00
[04/Nov/2015 15:59:22] INFO	- forum.forum:42	: -536783.951983
[04/Nov/2015 15:59:22] INFO	- forum.forum:39	: Vos devoirs pour chaque post
[04/Nov/2015 15:59:22] DEBUG	- forum.forum:40	: 2015-10-29 09:49:11.166203+00:00
[04/Nov/2015 15:59:22] ERROR	- forum.forum:41	: 2015-11-04 14:55:34.977186+00:00
[04/Nov/2015 15:59:22] INFO	- forum.forum:42	: -536783.810983
[04/Nov/2015 15:59:22] INFO	- forum.forum:39	: Seul sur Mars (Ridley Scott)
[04/Nov/2015 15:59:22] DEBUG	- forum.forum:40	: 2015-11-04 10:05:30.683220+00:00
[04/Nov/2015 15:59:22] ERROR	- forum.forum:41	: 2015-11-04 14:55:34.977186+00:00
[04/Nov/2015 15:59:22] INFO	- forum.forum:42	: -17404.293966
[04/Nov/2015 15:59:22] INFO	- forum.forum:39	: Seul sur Mars (Ridley Scott)
[04/Nov/2015 15:59:22] DEBUG	- forum.forum:40	: 2015-11-04 13:26:43.285193+00:00
[04/Nov/2015 15:59:22] ERROR	- forum.forum:41	: 2015-11-04 14:55:34.977186+00:00
[04/Nov/2015 15:59:22] INFO	- forum.forum:42	: -5331.691993
[04/Nov/2015 15:59:22] INFO	- forum.forum:39	: Seul sur Mars (Ridley Scott)
[04/Nov/2015 15:59:22] DEBUG	- forum.forum:40	: 2015-11-04 14:55:22.007186+00:00
[04/Nov/2015 15:59:22] ERROR	- forum.forum:41	: 2015-11-04 14:55:34.977186+00:00
[04/Nov/2015 15:59:22] INFO	- forum.forum:42	: -12.97
[04/Nov/2015 16:00:31] INFO	- forum.forum:39	: Vos devoirs pour chaque post
[04/Nov/2015 16:00:31] DEBUG	- forum.forum:40	: 2015-10-29 09:49:10.779203+00:00
[04/Nov/2015 16:00:31] ERROR	- forum.forum:41	: 2015-11-04 14:55:34.977186+00:00
[04/Nov/2015 16:00:31] INFO	- forum.forum:42	: -7 days, 18:53:35.802017
[04/Nov/2015 16:01:21] INFO	- forum.forum:39	: Vos devoirs pour chaque post
[04/Nov/2015 16:01:21] DEBUG	- forum.forum:40	: 2015-10-29 09:49:10.779203+00:00
[04/Nov/2015 16:01:21] ERROR	- forum.forum:41	: 2015-11-04 14:54:04.778186+00:00
[04/Nov/2015 16:01:21] INFO	- forum.forum:42	: -7 days, 18:55:06.001017
[04/Nov/2015 16:02:23] INFO	- forum.forum:39	: Vos devoirs pour chaque post
[04/Nov/2015 16:02:23] DEBUG	- forum.forum:40	: 2015-10-29 09:49:10.779203+00:00
[04/Nov/2015 16:02:23] ERROR	- forum.forum:41	: 2015-11-04 14:54:04.778186+00:00
[04/Nov/2015 16:02:23] INFO	- forum.forum:42	: -7 days, 18:55:06.001017
[04/Nov/2015 16:02:23] INFO	- forum.forum:39	: Seul sur Mars (Ridley Scott)
[04/Nov/2015 16:02:23] DEBUG	- forum.forum:40	: 2015-11-04 10:05:30.683220+00:00
[04/Nov/2015 16:02:23] ERROR	- forum.forum:41	: 2015-11-04 14:54:04.778186+00:00
[04/Nov/2015 16:02:23] INFO	- forum.forum:42	: -1 day, 19:11:25.905034
[04/Nov/2015 16:02:42] INFO	- forum.forum:39	: Vos devoirs pour chaque post
[04/Nov/2015 16:02:42] DEBUG	- forum.forum:40	: 2015-10-29 09:49:10.779203+00:00
[04/Nov/2015 16:02:42] ERROR	- forum.forum:41	: 2015-11-04 14:54:04.778186+00:00
[04/Nov/2015 16:02:42] INFO	- forum.forum:42	: 6 days, 5:04:53.998983
[04/Nov/2015 16:02:42] INFO	- forum.forum:39	: Seul sur Mars (Ridley Scott)
[04/Nov/2015 16:02:42] DEBUG	- forum.forum:40	: 2015-11-04 10:05:30.683220+00:00
[04/Nov/2015 16:02:42] ERROR	- forum.forum:41	: 2015-11-04 14:54:04.778186+00:00
[04/Nov/2015 16:02:42] INFO	- forum.forum:42	: 4:48:34.094966
[04/Nov/2015 16:07:16] INFO	- forum.forum:39	: Vos devoirs pour chaque post
[04/Nov/2015 16:07:16] DEBUG	- forum.forum:40	: 2015-10-29 09:49:10.779203+00:00
[04/Nov/2015 16:07:16] ERROR	- forum.forum:41	: 2015-11-04 14:54:04.778186+00:00
[04/Nov/2015 16:07:16] INFO	- forum.forum:42	: 6 days, 5:04:53.998983
[04/Nov/2015 16:07:16] WARNING	- forum.forum:43	: True
[04/Nov/2015 16:07:16] INFO	- forum.forum:39	: Seul sur Mars (Ridley Scott)
[04/Nov/2015 16:07:16] DEBUG	- forum.forum:40	: 2015-11-04 10:05:30.683220+00:00
[04/Nov/2015 16:07:16] ERROR	- forum.forum:41	: 2015-11-04 14:54:04.778186+00:00
[04/Nov/2015 16:07:16] INFO	- forum.forum:42	: 4:48:34.094966
[04/Nov/2015 16:07:16] WARNING	- forum.forum:43	: True
[04/Nov/2015 16:09:40] INFO	- forum.forum:39	: 2015-11-04 15:08:49.107900+00:00 2015-10-29 09:49:10.779203+00:00
[04/Nov/2015 16:09:40] INFO	- forum.forum:39	: 2015-11-04 15:08:49.107900+00:00 2015-11-04 10:05:30.683220+00:00
[04/Nov/2015 16:26:09] INFO	- forum.forum:39	: 2015-11-04 15:08:06.522564+00:00 2015-11-04 15:26:05.608176+00:00
[04/Nov/2015 16:27:01] INFO	- forum.forum:39	: 2015-11-04 15:08:06.522564+00:00 2015-11-04 15:26:05.608176+00:00
[05/Nov/2015 10:25:31] DEBUG	- forum.connection:82	: POST connect
[05/Nov/2015 10:26:07] DEBUG	- forum.connection:82	: POST connect
[05/Nov/2015 10:26:07] DEBUG	- forum.connection:120	: None bad authentication
[05/Nov/2015 10:27:46] DEBUG	- forum.connection:82	: POST connect
[05/Nov/2015 10:27:46] DEBUG	- forum.connection:120	: Bad authentication
[05/Nov/2015 10:28:01] DEBUG	- forum.connection:82	: POST connect
[05/Nov/2015 10:28:01] DEBUG	- forum.connection:120	: Bad authentication
[05/Nov/2015 10:28:49] DEBUG	- forum.connection:82	: POST connect
[05/Nov/2015 10:28:49] DEBUG	- forum.connection:120	: Bad authentication
[05/Nov/2015 10:30:40] DEBUG	- forum.connection:82	: POST connect
[05/Nov/2015 10:30:40] DEBUG	- forum.connection:120	: Bad authentication
[05/Nov/2015 10:31:07] DEBUG	- forum.connection:82	: POST connect
[05/Nov/2015 10:31:07] DEBUG	- forum.connection:120	: Bad authentication
[05/Nov/2015 10:34:10] DEBUG	- forum.connection:83	: POST connect
[05/Nov/2015 10:34:10] DEBUG	- forum.connection:121	: Bad authentication
[05/Nov/2015 10:35:49] DEBUG	- forum.connection:82	: POST connect
[05/Nov/2015 10:35:49] DEBUG	- forum.connection:120	: Bad authentication
[05/Nov/2015 10:37:14] DEBUG	- forum.connection:82	: POST connect
[05/Nov/2015 10:37:14] DEBUG	- forum.connection:120	: Bad authentication
[05/Nov/2015 10:37:51] DEBUG	- forum.connection:82	: POST connect
[05/Nov/2015 10:37:51] DEBUG	- forum.connection:120	: Bad authentication
[05/Nov/2015 10:38:09] DEBUG	- forum.connection:82	: POST connect
[05/Nov/2015 10:38:09] DEBUG	- forum.connection:120	: Bad authentication
[05/Nov/2015 10:38:43] DEBUG	- forum.connection:82	: POST connect
[05/Nov/2015 10:38:43] DEBUG	- forum.connection:120	: Bad authentication
[05/Nov/2015 10:38:59] DEBUG	- forum.connection:82	: POST connect
[05/Nov/2015 10:38:59] DEBUG	- forum.connection:120	: Bad authentication
[05/Nov/2015 10:39:16] DEBUG	- forum.connection:82	: POST connect
[05/Nov/2015 10:39:16] DEBUG	- forum.connection:120	: Bad authentication
[05/Nov/2015 10:39:23] DEBUG	- forum.connection:82	: POST connect
[05/Nov/2015 10:39:23] DEBUG	- forum.connection:88	: toto is authenticated
[05/Nov/2015 10:39:23] DEBUG	- forum.connection:91	: toto is active
[05/Nov/2015 10:39:23] DEBUG	- forum.connection:93	: toto is logged
[05/Nov/2015 10:39:23] DEBUG	- forum.connection:97	: toto has a profile
[05/Nov/2015 10:39:23] DEBUG	- forum.connection:107	: Unread posts initialized
[05/Nov/2015 10:40:38] DEBUG	- forum.connection:82	: POST connect
[05/Nov/2015 10:40:38] DEBUG	- forum.connection:88	: toto is authenticated
[05/Nov/2015 10:40:38] DEBUG	- forum.connection:91	: toto is active
[05/Nov/2015 10:40:38] DEBUG	- forum.connection:93	: toto is logged
[05/Nov/2015 10:40:38] DEBUG	- forum.connection:97	: toto has a profile
[05/Nov/2015 10:40:38] DEBUG	- forum.connection:107	: Unread posts initialized
[05/Nov/2015 10:40:47] DEBUG	- forum.connection:82	: POST connect
[05/Nov/2015 10:40:47] DEBUG	- forum.connection:122	: Bad authentication
[05/Nov/2015 10:40:52] DEBUG	- forum.connection:82	: POST connect
[05/Nov/2015 10:40:52] DEBUG	- forum.connection:88	: toto is authenticated
[05/Nov/2015 10:40:52] DEBUG	- forum.connection:91	: toto is active
[05/Nov/2015 10:40:53] DEBUG	- forum.connection:93	: toto is logged
[05/Nov/2015 10:40:53] DEBUG	- forum.connection:97	: toto has a profile
[05/Nov/2015 10:40:53] DEBUG	- forum.connection:107	: Unread posts initialized
[05/Nov/2015 10:41:10] DEBUG	- forum.connection:82	: POST connect
[05/Nov/2015 10:41:10] DEBUG	- forum.connection:88	: toto is authenticated
[05/Nov/2015 10:41:10] DEBUG	- forum.connection:91	: toto is active
[05/Nov/2015 10:41:10] DEBUG	- forum.connection:93	: toto is logged
[05/Nov/2015 10:41:10] DEBUG	- forum.connection:97	: toto has a profile
[05/Nov/2015 10:41:10] DEBUG	- forum.connection:107	: Unread posts initialized
[05/Nov/2015 10:41:36] DEBUG	- forum.connection:82	: POST connect
[05/Nov/2015 10:41:36] DEBUG	- forum.connection:122	: Bad authentication
[05/Nov/2015 10:41:43] DEBUG	- forum.connection:82	: POST connect
[05/Nov/2015 10:41:43] DEBUG	- forum.connection:88	: toto is authenticated
[05/Nov/2015 10:41:43] DEBUG	- forum.connection:91	: toto is active
[05/Nov/2015 10:41:43] DEBUG	- forum.connection:93	: toto is logged
[05/Nov/2015 10:41:43] DEBUG	- forum.connection:97	: toto has a profile
[05/Nov/2015 10:41:43] DEBUG	- forum.connection:107	: Unread posts initialized
[05/Nov/2015 10:47:27] DEBUG	- forum.forum:93	: GET addsubject
[05/Nov/2015 10:47:31] DEBUG	- forum.forum:99	: POST addsubject
[05/Nov/2015 10:50:32] DEBUG	- forum.forum:99	: POST addsubject
[06/Nov/2015 11:47:48] DEBUG	- forum.forum:85	: UnreadPosts of Mégastructure Extraterrestre ! deleted
[06/Nov/2015 11:48:04] DEBUG	- forum.forum:79	: None
[06/Nov/2015 11:48:04] DEBUG	- forum.forum:86	: UnreadPosts of Mégastructure Extraterrestre ! deleted
[06/Nov/2015 11:48:18] DEBUG	- forum.forum:79	: None
[06/Nov/2015 11:48:18] DEBUG	- forum.forum:86	: UnreadPosts of Mégastructure Extraterrestre ! deleted
[06/Nov/2015 11:52:13] DEBUG	- forum.forum:79	: AnonymousUser
[06/Nov/2015 11:52:13] DEBUG	- forum.forum:86	: UnreadPosts of Mégastructure Extraterrestre ! deleted
[06/Nov/2015 11:59:39] DEBUG	- forum.connection:82	: POST connect
[06/Nov/2015 11:59:39] DEBUG	- forum.connection:91	: toto has logged in
[06/Nov/2015 11:59:39] DEBUG	- forum.connection:95	: toto has a profile
[06/Nov/2015 11:59:39] DEBUG	- forum.connection:105	: Unread posts initialized
[06/Nov/2015 11:59:39] DEBUG	- forum.forum:82	: UnreadPosts of Vos devoirs pour chaque post deleted for Toto
[06/Nov/2015 12:10:26] DEBUG	- forum.profile:27	: GET profile
[06/Nov/2015 12:10:30] DEBUG	- forum.profile:27	: GET profile
[06/Nov/2015 12:11:02] DEBUG	- forum.profile:27	: GET profile
[06/Nov/2015 12:14:32] DEBUG	- forum.profile:28	: GET profile
[06/Nov/2015 13:52:51] DEBUG	- forum.forum:82	: UnreadPosts of Mégastructure Extraterrestre ! deleted for Toto
[06/Nov/2015 13:53:13] DEBUG	- forum.forum:82	: UnreadPosts of Mégastructure Extraterrestre ! deleted for Toto
[06/Nov/2015 13:53:15] DEBUG	- forum.forum:82	: UnreadPosts of Mégastructure Extraterrestre ! deleted for Toto
[06/Nov/2015 13:53:47] DEBUG	- forum.forum:82	: UnreadPosts of Mégastructure Extraterrestre ! deleted for Toto
[12/Nov/2015 16:51:21] DEBUG	- forum.connection:82	: POST connect
[12/Nov/2015 16:51:22] DEBUG	- forum.connection:120	: Bad authentication
[12/Nov/2015 16:51:32] DEBUG	- forum.connection:55	: Subscription form is valid
[12/Nov/2015 16:51:54] DEBUG	- forum.connection:55	: Subscription form is valid
[12/Nov/2015 16:51:54] ERROR	- forum.connection:64	: Username already present in database
[12/Nov/2015 16:51:59] DEBUG	- forum.connection:55	: Subscription form is valid
[12/Nov/2015 16:51:59] ERROR	- forum.connection:64	: Username already present in database
[12/Nov/2015 16:52:05] DEBUG	- forum.connection:82	: POST connect
[12/Nov/2015 16:52:06] DEBUG	- forum.connection:91	: toto has logged in
[12/Nov/2015 16:52:06] DEBUG	- forum.connection:112	: toto has no profile, redirecting...
[12/Nov/2015 16:52:06] DEBUG	- forum.profile:29	: GET profile
[12/Nov/2015 16:52:23] DEBUG	- forum.profile:32	: POST profile
[12/Nov/2015 16:54:17] DEBUG	- forum.profile:32	: POST profile
[12/Nov/2015 16:54:34] DEBUG	- forum.profile:32	: POST profile
[12/Nov/2015 16:54:50] DEBUG	- forum.forum:82	: UnreadPosts of Vos devoirs pour chaque post deleted for ToTo
[12/Nov/2015 16:55:50] DEBUG	- forum.connection:55	: Subscription form is valid
[12/Nov/2015 16:55:51] INFO	- forum.connection:74	: New user created : titi
[12/Nov/2015 16:55:56] DEBUG	- forum.connection:82	: POST connect
[12/Nov/2015 16:55:56] DEBUG	- forum.connection:91	: titi has logged in
[12/Nov/2015 16:55:56] DEBUG	- forum.connection:112	: titi has no profile, redirecting...
[12/Nov/2015 16:55:57] DEBUG	- forum.profile:29	: GET profile
[12/Nov/2015 16:56:11] DEBUG	- forum.profile:32	: POST profile
[12/Nov/2015 16:56:11] DEBUG	- PIL.PngImagePlugin:135	: STREAM b'IHDR' 16 13
[12/Nov/2015 16:56:11] DEBUG	- PIL.PngImagePlugin:135	: STREAM b'sRGB' 41 1
[12/Nov/2015 16:56:11] DEBUG	- PIL.PngImagePlugin:511	: b'sRGB' 41 1 (unknown)
[12/Nov/2015 16:56:11] DEBUG	- PIL.PngImagePlugin:135	: STREAM b'gAMA' 54 4
[12/Nov/2015 16:56:11] DEBUG	- PIL.PngImagePlugin:135	: STREAM b'pHYs' 70 9
[12/Nov/2015 16:56:11] DEBUG	- PIL.PngImagePlugin:135	: STREAM b'IDAT' 91 65445
[12/Nov/2015 16:58:06] DEBUG	- forum.forum:82	: UnreadPosts of Vos devoirs pour chaque post deleted for Titi
